  WASM_Panels.cpp
  In file included from WASM_Panels.cpp:10:
C:\MSFS SDK\WASM\include\MSFS/Legacy/gauges.h(118,9): warning : 'UINT8_MAX' macro redefined [-Wmacro-redefined]
C:\MSFS SDK\WASM\wasi-sysroot\include\stdint.h(48,9): message : previous definition is here
  In file included from WASM_Panels.cpp:10:
C:\MSFS SDK\WASM\include\MSFS/Legacy/gauges.h(124,9): warning : 'UINT16_MAX' macro redefined [-Wmacro-redefined]
C:\MSFS SDK\WASM\wasi-sysroot\include\stdint.h(49,9): message : previous definition is here
  In file included from WASM_Panels.cpp:10:
C:\MSFS SDK\WASM\include\MSFS/Legacy/gauges.h(130,9): warning : 'UINT32_MAX' macro redefined [-Wmacro-redefined]
C:\MSFS SDK\WASM\wasi-sysroot\include\stdint.h(50,9): message : previous definition is here
  In file included from WASM_Panels.cpp:10:
C:\MSFS SDK\WASM\include\MSFS/Legacy/gauges.h(5973,17): warning : '__stdcall' calling convention is not supported for this target [-Wignored-attributes]
C:\MSFS SDK\WASM\include\MSFS/Legacy/gauges.h(40,17): message : expanded from macro 'FSAPI'
C:\MSFS SDK\WASM\include\MSFS/Legacy/gauges.h(5976,17): warning : '__stdcall' calling convention is not supported for this target [-Wignored-attributes]
C:\MSFS SDK\WASM\include\MSFS/Legacy/gauges.h(40,17): message : expanded from macro 'FSAPI'
C:\MSFS SDK\WASM\include\MSFS/Legacy/gauges.h(6193,14): warning : '__stdcall' calling convention is not supported for this target [-Wignored-attributes]
C:\MSFS SDK\WASM\include\MSFS/Legacy/gauges.h(40,17): message : expanded from macro 'FSAPI'
C:\MSFS SDK\WASM\include\MSFS/Legacy/gauges.h(6196,14): warning : '__stdcall' calling convention is not supported for this target [-Wignored-attributes]
C:\MSFS SDK\WASM\include\MSFS/Legacy/gauges.h(40,17): message : expanded from macro 'FSAPI'
C:\MSFS SDK\WASM\include\MSFS/Legacy/gauges.h(6199,14): warning : '__stdcall' calling convention is not supported for this target [-Wignored-attributes]
C:\MSFS SDK\WASM\include\MSFS/Legacy/gauges.h(40,17): message : expanded from macro 'FSAPI'
C:\MSFS SDK\WASM\include\MSFS/Legacy/gauges.h(6202,14): warning : '__stdcall' calling convention is not supported for this target [-Wignored-attributes]
C:\MSFS SDK\WASM\include\MSFS/Legacy/gauges.h(40,17): message : expanded from macro 'FSAPI'
C:\MSFS SDK\WASM\include\MSFS/Legacy/gauges.h(6205,14): warning : '__stdcall' calling convention is not supported for this target [-Wignored-attributes]
C:\MSFS SDK\WASM\include\MSFS/Legacy/gauges.h(40,17): message : expanded from macro 'FSAPI'
C:\MSFS SDK\WASM\include\MSFS/Legacy/gauges.h(6208,14): warning : '__stdcall' calling convention is not supported for this target [-Wignored-attributes]
C:\MSFS SDK\WASM\include\MSFS/Legacy/gauges.h(40,17): message : expanded from macro 'FSAPI'
C:\MSFS SDK\WASM\include\MSFS/Legacy/gauges.h(6211,14): warning : '__stdcall' calling convention is not supported for this target [-Wignored-attributes]
C:\MSFS SDK\WASM\include\MSFS/Legacy/gauges.h(40,17): message : expanded from macro 'FSAPI'
C:\MSFS SDK\WASM\include\MSFS/Legacy/gauges.h(6214,14): warning : '__stdcall' calling convention is not supported for this target [-Wignored-attributes]
C:\MSFS SDK\WASM\include\MSFS/Legacy/gauges.h(40,17): message : expanded from macro 'FSAPI'
C:\MSFS SDK\WASM\include\MSFS/Legacy/gauges.h(6318,17): warning : '__stdcall' calling convention is not supported for this target [-Wignored-attributes]
C:\MSFS SDK\WASM\include\MSFS/Legacy/gauges.h(40,17): message : expanded from macro 'FSAPI'
C:\MSFS SDK\WASM\include\MSFS/Legacy/gauges.h(6321,17): warning : '__stdcall' calling convention is not supported for this target [-Wignored-attributes]
C:\MSFS SDK\WASM\include\MSFS/Legacy/gauges.h(40,17): message : expanded from macro 'FSAPI'
C:\MSFS SDK\WASM\include\MSFS/Legacy/gauges.h(6324,17): warning : '__stdcall' calling convention is not supported for this target [-Wignored-attributes]
C:\MSFS SDK\WASM\include\MSFS/Legacy/gauges.h(40,17): message : expanded from macro 'FSAPI'
C:\MSFS SDK\WASM\include\MSFS/Legacy/gauges.h(6327,17): warning : '__stdcall' calling convention is not supported for this target [-Wignored-attributes]
C:\MSFS SDK\WASM\include\MSFS/Legacy/gauges.h(40,17): message : expanded from macro 'FSAPI'
C:\MSFS SDK\WASM\include\MSFS/Legacy/gauges.h(6330,17): warning : '__stdcall' calling convention is not supported for this target [-Wignored-attributes]
C:\MSFS SDK\WASM\include\MSFS/Legacy/gauges.h(40,17): message : expanded from macro 'FSAPI'
C:\MSFS SDK\WASM\include\MSFS/Legacy/gauges.h(6333,17): warning : '__stdcall' calling convention is not supported for this target [-Wignored-attributes]
C:\MSFS SDK\WASM\include\MSFS/Legacy/gauges.h(40,17): message : expanded from macro 'FSAPI'
C:\MSFS SDK\WASM\include\MSFS/Legacy/gauges.h(6913,14): warning : '__stdcall' calling convention is not supported for this target [-Wignored-attributes]
C:\MSFS SDK\WASM\include\MSFS/Legacy/gauges.h(40,17): message : expanded from macro 'FSAPI'
C:\MSFS SDK\WASM\include\MSFS/Legacy/gauges.h(7026,10): warning : '__stdcall' calling convention is not supported for this target [-Wignored-attributes]
C:\MSFS SDK\WASM\include\MSFS/Legacy/gauges.h(40,17): message : expanded from macro 'FSAPI'
C:\MSFS SDK\WASM\include\MSFS/Legacy/gauges.h(7027,5): warning : '__stdcall' calling convention is not supported for this target [-Wignored-attributes]
C:\MSFS SDK\WASM\include\MSFS/Legacy/gauges.h(40,17): message : expanded from macro 'FSAPI'
C:\MSFS SDK\WASM\include\MSFS/Legacy/gauges.h(7028,12): warning : '__stdcall' calling convention is not supported for this target [-Wignored-attributes]
C:\MSFS SDK\WASM\include\MSFS/Legacy/gauges.h(40,17): message : expanded from macro 'FSAPI'
C:\MSFS SDK\WASM\include\MSFS/Legacy/gauges.h(7058,7): warning : '__stdcall' calling convention is not supported for this target [-Wignored-attributes]
C:\MSFS SDK\WASM\include\MSFS/Legacy/gauges.h(40,17): message : expanded from macro 'FSAPI'
C:\MSFS SDK\WASM\include\MSFS/Legacy/gauges.h(7059,7): warning : '__stdcall' calling convention is not supported for this target [-Wignored-attributes]
C:\MSFS SDK\WASM\include\MSFS/Legacy/gauges.h(40,17): message : expanded from macro 'FSAPI'
C:\MSFS SDK\WASM\include\MSFS/Legacy/gauges.h(7060,7): warning : '__stdcall' calling convention is not supported for this target [-Wignored-attributes]
C:\MSFS SDK\WASM\include\MSFS/Legacy/gauges.h(40,17): message : expanded from macro 'FSAPI'
C:\MSFS SDK\WASM\include\MSFS/Legacy/gauges.h(7061,7): warning : '__stdcall' calling convention is not supported for this target [-Wignored-attributes]
C:\MSFS SDK\WASM\include\MSFS/Legacy/gauges.h(40,17): message : expanded from macro 'FSAPI'
C:\MSFS SDK\WASM\include\MSFS/Legacy/gauges.h(7062,7): warning : '__stdcall' calling convention is not supported for this target [-Wignored-attributes]
C:\MSFS SDK\WASM\include\MSFS/Legacy/gauges.h(40,17): message : expanded from macro 'FSAPI'
C:\MSFS SDK\WASM\include\MSFS/Legacy/gauges.h(7063,7): warning : '__stdcall' calling convention is not supported for this target [-Wignored-attributes]
C:\MSFS SDK\WASM\include\MSFS/Legacy/gauges.h(40,17): message : expanded from macro 'FSAPI'
C:\MSFS SDK\WASM\include\MSFS/Legacy/gauges.h(7064,7): warning : '__stdcall' calling convention is not supported for this target [-Wignored-attributes]
C:\MSFS SDK\WASM\include\MSFS/Legacy/gauges.h(40,17): message : expanded from macro 'FSAPI'
C:\MSFS SDK\WASM\include\MSFS/Legacy/gauges.h(7065,7): warning : '__stdcall' calling convention is not supported for this target [-Wignored-attributes]
C:\MSFS SDK\WASM\include\MSFS/Legacy/gauges.h(40,17): message : expanded from macro 'FSAPI'
C:\MSFS SDK\WASM\include\MSFS/Legacy/gauges.h(7066,7): warning : '__stdcall' calling convention is not supported for this target [-Wignored-attributes]
C:\MSFS SDK\WASM\include\MSFS/Legacy/gauges.h(40,17): message : expanded from macro 'FSAPI'
C:\MSFS SDK\WASM\include\MSFS/Legacy/gauges.h(7067,7): warning : '__stdcall' calling convention is not supported for this target [-Wignored-attributes]
C:\MSFS SDK\WASM\include\MSFS/Legacy/gauges.h(40,17): message : expanded from macro 'FSAPI'
C:\MSFS SDK\WASM\include\MSFS/Legacy/gauges.h(7068,7): warning : '__stdcall' calling convention is not supported for this target [-Wignored-attributes]
C:\MSFS SDK\WASM\include\MSFS/Legacy/gauges.h(40,17): message : expanded from macro 'FSAPI'
C:\MSFS SDK\WASM\include\MSFS/Legacy/gauges.h(7069,7): warning : '__stdcall' calling convention is not supported for this target [-Wignored-attributes]
C:\MSFS SDK\WASM\include\MSFS/Legacy/gauges.h(40,17): message : expanded from macro 'FSAPI'
C:\MSFS SDK\WASM\include\MSFS/Legacy/gauges.h(7070,7): warning : '__stdcall' calling convention is not supported for this target [-Wignored-attributes]
C:\MSFS SDK\WASM\include\MSFS/Legacy/gauges.h(40,17): message : expanded from macro 'FSAPI'
C:\MSFS SDK\WASM\include\MSFS/Legacy/gauges.h(7071,7): warning : '__stdcall' calling convention is not supported for this target [-Wignored-attributes]
C:\MSFS SDK\WASM\include\MSFS/Legacy/gauges.h(40,17): message : expanded from macro 'FSAPI'
C:\MSFS SDK\WASM\include\MSFS/Legacy/gauges.h(7072,6): warning : '__stdcall' calling convention is not supported for this target [-Wignored-attributes]
C:\MSFS SDK\WASM\include\MSFS/Legacy/gauges.h(40,17): message : expanded from macro 'FSAPI'
C:\MSFS SDK\WASM\include\MSFS/Legacy/gauges.h(7073,7): warning : '__stdcall' calling convention is not supported for this target [-Wignored-attributes]
C:\MSFS SDK\WASM\include\MSFS/Legacy/gauges.h(40,17): message : expanded from macro 'FSAPI'
C:\MSFS SDK\WASM\include\MSFS/Legacy/gauges.h(7074,7): warning : '__stdcall' calling convention is not supported for this target [-Wignored-attributes]
C:\MSFS SDK\WASM\include\MSFS/Legacy/gauges.h(40,17): message : expanded from macro 'FSAPI'
C:\MSFS SDK\WASM\include\MSFS/Legacy/gauges.h(7075,7): warning : '__stdcall' calling convention is not supported for this target [-Wignored-attributes]
C:\MSFS SDK\WASM\include\MSFS/Legacy/gauges.h(40,17): message : expanded from macro 'FSAPI'
C:\MSFS SDK\WASM\include\MSFS/Legacy/gauges.h(7076,7): warning : '__stdcall' calling convention is not supported for this target [-Wignored-attributes]
C:\MSFS SDK\WASM\include\MSFS/Legacy/gauges.h(40,17): message : expanded from macro 'FSAPI'
C:\MSFS SDK\WASM\include\MSFS/Legacy/gauges.h(7077,7): warning : '__stdcall' calling convention is not supported for this target [-Wignored-attributes]
C:\MSFS SDK\WASM\include\MSFS/Legacy/gauges.h(40,17): message : expanded from macro 'FSAPI'
C:\MSFS SDK\WASM\include\MSFS/Legacy/gauges.h(7078,7): warning : '__stdcall' calling convention is not supported for this target [-Wignored-attributes]
C:\MSFS SDK\WASM\include\MSFS/Legacy/gauges.h(40,17): message : expanded from macro 'FSAPI'
C:\MSFS SDK\WASM\include\MSFS/Legacy/gauges.h(7079,7): warning : '__stdcall' calling convention is not supported for this target [-Wignored-attributes]
C:\MSFS SDK\WASM\include\MSFS/Legacy/gauges.h(40,17): message : expanded from macro 'FSAPI'
C:\MSFS SDK\WASM\include\MSFS/Legacy/gauges.h(7080,7): warning : '__stdcall' calling convention is not supported for this target [-Wignored-attributes]
C:\MSFS SDK\WASM\include\MSFS/Legacy/gauges.h(40,17): message : expanded from macro 'FSAPI'
C:\MSFS SDK\WASM\include\MSFS/Legacy/gauges.h(7081,7): warning : '__stdcall' calling convention is not supported for this target [-Wignored-attributes]
C:\MSFS SDK\WASM\include\MSFS/Legacy/gauges.h(40,17): message : expanded from macro 'FSAPI'
C:\MSFS SDK\WASM\include\MSFS/Legacy/gauges.h(7082,7): warning : '__stdcall' calling convention is not supported for this target [-Wignored-attributes]
C:\MSFS SDK\WASM\include\MSFS/Legacy/gauges.h(40,17): message : expanded from macro 'FSAPI'
C:\MSFS SDK\WASM\include\MSFS/Legacy/gauges.h(7083,7): warning : '__stdcall' calling convention is not supported for this target [-Wignored-attributes]
C:\MSFS SDK\WASM\include\MSFS/Legacy/gauges.h(40,17): message : expanded from macro 'FSAPI'
C:\MSFS SDK\WASM\include\MSFS/Legacy/gauges.h(7084,7): warning : '__stdcall' calling convention is not supported for this target [-Wignored-attributes]
C:\MSFS SDK\WASM\include\MSFS/Legacy/gauges.h(40,17): message : expanded from macro 'FSAPI'
C:\MSFS SDK\WASM\include\MSFS/Legacy/gauges.h(7085,5): warning : '__stdcall' calling convention is not supported for this target [-Wignored-attributes]
C:\MSFS SDK\WASM\include\MSFS/Legacy/gauges.h(40,17): message : expanded from macro 'FSAPI'
C:\MSFS SDK\WASM\include\MSFS/Legacy/gauges.h(7086,5): warning : '__stdcall' calling convention is not supported for this target [-Wignored-attributes]
C:\MSFS SDK\WASM\include\MSFS/Legacy/gauges.h(40,17): message : expanded from macro 'FSAPI'
C:\MSFS SDK\WASM\include\MSFS/Legacy/gauges.h(7087,10): warning : '__stdcall' calling convention is not supported for this target [-Wignored-attributes]
C:\MSFS SDK\WASM\include\MSFS/Legacy/gauges.h(40,17): message : expanded from macro 'FSAPI'
C:\MSFS SDK\WASM\include\MSFS/Legacy/gauges.h(7088,10): warning : '__stdcall' calling convention is not supported for this target [-Wignored-attributes]
C:\MSFS SDK\WASM\include\MSFS/Legacy/gauges.h(40,17): message : expanded from macro 'FSAPI'
C:\MSFS SDK\WASM\include\MSFS/Legacy/gauges.h(7089,7): warning : '__stdcall' calling convention is not supported for this target [-Wignored-attributes]
C:\MSFS SDK\WASM\include\MSFS/Legacy/gauges.h(40,17): message : expanded from macro 'FSAPI'
C:\MSFS SDK\WASM\include\MSFS/Legacy/gauges.h(7090,7): warning : '__stdcall' calling convention is not supported for this target [-Wignored-attributes]
C:\MSFS SDK\WASM\include\MSFS/Legacy/gauges.h(40,17): message : expanded from macro 'FSAPI'
C:\MSFS SDK\WASM\include\MSFS/Legacy/gauges.h(7091,12): warning : '__stdcall' calling convention is not supported for this target [-Wignored-attributes]
C:\MSFS SDK\WASM\include\MSFS/Legacy/gauges.h(40,17): message : expanded from macro 'FSAPI'
C:\MSFS SDK\WASM\include\MSFS/Legacy/gauges.h(7092,12): warning : '__stdcall' calling convention is not supported for this target [-Wignored-attributes]
C:\MSFS SDK\WASM\include\MSFS/Legacy/gauges.h(40,17): message : expanded from macro 'FSAPI'
C:\MSFS SDK\WASM\include\MSFS/Legacy/gauges.h(7093,7): warning : '__stdcall' calling convention is not supported for this target [-Wignored-attributes]
C:\MSFS SDK\WASM\include\MSFS/Legacy/gauges.h(40,17): message : expanded from macro 'FSAPI'
C:\MSFS SDK\WASM\include\MSFS/Legacy/gauges.h(7094,7): warning : '__stdcall' calling convention is not supported for this target [-Wignored-attributes]
C:\MSFS SDK\WASM\include\MSFS/Legacy/gauges.h(40,17): message : expanded from macro 'FSAPI'
C:\MSFS SDK\WASM\include\MSFS/Legacy/gauges.h(7095,7): warning : '__stdcall' calling convention is not supported for this target [-Wignored-attributes]
C:\MSFS SDK\WASM\include\MSFS/Legacy/gauges.h(40,17): message : expanded from macro 'FSAPI'
C:\MSFS SDK\WASM\include\MSFS/Legacy/gauges.h(7096,10): warning : '__stdcall' calling convention is not supported for this target [-Wignored-attributes]
C:\MSFS SDK\WASM\include\MSFS/Legacy/gauges.h(40,17): message : expanded from macro 'FSAPI'
C:\MSFS SDK\WASM\include\MSFS/Legacy/gauges.h(7097,7): warning : '__stdcall' calling convention is not supported for this target [-Wignored-attributes]
C:\MSFS SDK\WASM\include\MSFS/Legacy/gauges.h(40,17): message : expanded from macro 'FSAPI'
C:\MSFS SDK\WASM\include\MSFS/Legacy/gauges.h(7098,7): warning : '__stdcall' calling convention is not supported for this target [-Wignored-attributes]
C:\MSFS SDK\WASM\include\MSFS/Legacy/gauges.h(40,17): message : expanded from macro 'FSAPI'
C:\MSFS SDK\WASM\include\MSFS/Legacy/gauges.h(7099,7): warning : '__stdcall' calling convention is not supported for this target [-Wignored-attributes]
C:\MSFS SDK\WASM\include\MSFS/Legacy/gauges.h(40,17): message : expanded from macro 'FSAPI'
C:\MSFS SDK\WASM\include\MSFS/Legacy/gauges.h(7100,7): warning : '__stdcall' calling convention is not supported for this target [-Wignored-attributes]
C:\MSFS SDK\WASM\include\MSFS/Legacy/gauges.h(40,17): message : expanded from macro 'FSAPI'
C:\MSFS SDK\WASM\include\MSFS/Legacy/gauges.h(7101,7): warning : '__stdcall' calling convention is not supported for this target [-Wignored-attributes]
C:\MSFS SDK\WASM\include\MSFS/Legacy/gauges.h(40,17): message : expanded from macro 'FSAPI'
C:\MSFS SDK\WASM\include\MSFS/Legacy/gauges.h(7102,10): warning : '__stdcall' calling convention is not supported for this target [-Wignored-attributes]
C:\MSFS SDK\WASM\include\MSFS/Legacy/gauges.h(40,17): message : expanded from macro 'FSAPI'
C:\MSFS SDK\WASM\include\MSFS/Legacy/gauges.h(7103,7): warning : '__stdcall' calling convention is not supported for this target [-Wignored-attributes]
C:\MSFS SDK\WASM\include\MSFS/Legacy/gauges.h(40,17): message : expanded from macro 'FSAPI'
C:\MSFS SDK\WASM\include\MSFS/Legacy/gauges.h(7104,19): warning : '__stdcall' calling convention is not supported for this target [-Wignored-attributes]
C:\MSFS SDK\WASM\include\MSFS/Legacy/gauges.h(40,17): message : expanded from macro 'FSAPI'
C:\MSFS SDK\WASM\include\MSFS/Legacy/gauges.h(7105,22): warning : '__stdcall' calling convention is not supported for this target [-Wignored-attributes]
C:\MSFS SDK\WASM\include\MSFS/Legacy/gauges.h(40,17): message : expanded from macro 'FSAPI'
C:\MSFS SDK\WASM\include\MSFS/Legacy/gauges.h(7106,7): warning : '__stdcall' calling convention is not supported for this target [-Wignored-attributes]
C:\MSFS SDK\WASM\include\MSFS/Legacy/gauges.h(40,17): message : expanded from macro 'FSAPI'
C:\MSFS SDK\WASM\include\MSFS/Legacy/gauges.h(7107,7): warning : '__stdcall' calling convention is not supported for this target [-Wignored-attributes]
C:\MSFS SDK\WASM\include\MSFS/Legacy/gauges.h(40,17): message : expanded from macro 'FSAPI'
C:\MSFS SDK\WASM\include\MSFS/Legacy/gauges.h(7108,7): warning : '__stdcall' calling convention is not supported for this target [-Wignored-attributes]
C:\MSFS SDK\WASM\include\MSFS/Legacy/gauges.h(40,17): message : expanded from macro 'FSAPI'
C:\MSFS SDK\WASM\include\MSFS/Legacy/gauges.h(7109,7): warning : '__stdcall' calling convention is not supported for this target [-Wignored-attributes]
C:\MSFS SDK\WASM\include\MSFS/Legacy/gauges.h(40,17): message : expanded from macro 'FSAPI'
C:\MSFS SDK\WASM\include\MSFS/Legacy/gauges.h(7110,7): warning : '__stdcall' calling convention is not supported for this target [-Wignored-attributes]
C:\MSFS SDK\WASM\include\MSFS/Legacy/gauges.h(40,17): message : expanded from macro 'FSAPI'
C:\MSFS SDK\WASM\include\MSFS/Legacy/gauges.h(7282,2): warning : '__stdcall' calling convention is not supported for this target [-Wignored-attributes]
C:\MSFS SDK\WASM\include\MSFS/Legacy/gauges.h(7049,38): message : expanded from macro 'FSLINKAGE'
C:\MSFS SDK\WASM\include\MSFS/Legacy/gauges.h(40,17): message : expanded from macro 'FSAPI'
C:\MSFS SDK\WASM\include\MSFS/Legacy/gauges.h(7282,2): warning : '__stdcall' calling convention is not supported for this target [-Wignored-attributes]
C:\MSFS SDK\WASM\include\MSFS/Legacy/gauges.h(7050,38): message : expanded from macro 'FSLINKAGE'
C:\MSFS SDK\WASM\include\MSFS/Legacy/gauges.h(40,17): message : expanded from macro 'FSAPI'
C:\MSFS SDK\WASM\include\MSFS/Legacy/gauges.h(7290,10): warning : __declspec attribute 'dllexport' is not supported [-Wignored-attributes]
C:\MSFS SDK\WASM\include\MSFS/Legacy/gauges.h(33,36): message : expanded from macro 'DECLSPEC_EXPORT'
C:\MSFS SDK\WASM\include\MSFS/Legacy/gauges.h(7295,13): warning : '__stdcall' calling convention is not supported for this target [-Wignored-attributes]
C:\MSFS SDK\WASM\include\MSFS/Legacy/gauges.h(40,17): message : expanded from macro 'FSAPI'
C:\MSFS SDK\WASM\include\MSFS/Legacy/gauges.h(7300,13): warning : '__stdcall' calling convention is not supported for this target [-Wignored-attributes]
C:\MSFS SDK\WASM\include\MSFS/Legacy/gauges.h(40,17): message : expanded from macro 'FSAPI'
C:\MSFS SDK\WASM\include\MSFS/Legacy/gauges.h(7305,13): warning : '__stdcall' calling convention is not supported for this target [-Wignored-attributes]
C:\MSFS SDK\WASM\include\MSFS/Legacy/gauges.h(40,17): message : expanded from macro 'FSAPI'
C:\MSFS SDK\WASM\include\MSFS/Legacy/gauges.h(7310,13): warning : '__stdcall' calling convention is not supported for this target [-Wignored-attributes]
C:\MSFS SDK\WASM\include\MSFS/Legacy/gauges.h(40,17): message : expanded from macro 'FSAPI'
C:\MSFS SDK\WASM\include\MSFS/Legacy/gauges.h(7315,13): warning : '__stdcall' calling convention is not supported for this target [-Wignored-attributes]
C:\MSFS SDK\WASM\include\MSFS/Legacy/gauges.h(40,17): message : expanded from macro 'FSAPI'
C:\MSFS SDK\WASM\include\MSFS/Legacy/gauges.h(7320,13): warning : '__stdcall' calling convention is not supported for this target [-Wignored-attributes]
C:\MSFS SDK\WASM\include\MSFS/Legacy/gauges.h(40,17): message : expanded from macro 'FSAPI'
C:\MSFS SDK\WASM\include\MSFS/Legacy/gauges.h(7325,13): warning : '__stdcall' calling convention is not supported for this target [-Wignored-attributes]
C:\MSFS SDK\WASM\include\MSFS/Legacy/gauges.h(40,17): message : expanded from macro 'FSAPI'
  In file included from WASM_Panels.cpp:14:
C:\MSFS SDK\\SimConnect SDK\include\SimConnect.h(686,15): warning : '__stdcall' calling convention is not supported for this target [-Wignored-attributes]
C:\MSFS SDK\WASM\include\MSFS/Legacy/..\MSFS_WindowsTypes.h(123,21): message : expanded from macro 'CALLBACK'
  In file included from WASM_Panels.cpp:14:
C:\MSFS SDK\\SimConnect SDK\include\SimConnect.h(698,11): warning : 'MODULE_EXPORT' macro redefined [-Wmacro-redefined]
./WASM_Panels.h(7,10): message : previous definition is here
  In file included from WASM_Panels.cpp:14:
C:\MSFS SDK\\SimConnect SDK\include\SimConnect.h(703,1): warning : '__stdcall' calling convention is not supported for this target [-Wignored-attributes]
C:\MSFS SDK\\SimConnect SDK\include\SimConnect.h(699,44): message : expanded from macro 'SIMCONNECTAPI'
C:\MSFS SDK\\SimConnect SDK\include\SimConnect.h(704,1): warning : '__stdcall' calling convention is not supported for this target [-Wignored-attributes]
C:\MSFS SDK\\SimConnect SDK\include\SimConnect.h(699,44): message : expanded from macro 'SIMCONNECTAPI'
C:\MSFS SDK\\SimConnect SDK\include\SimConnect.h(705,1): warning : '__stdcall' calling convention is not supported for this target [-Wignored-attributes]
C:\MSFS SDK\\SimConnect SDK\include\SimConnect.h(699,44): message : expanded from macro 'SIMCONNECTAPI'
C:\MSFS SDK\\SimConnect SDK\include\SimConnect.h(706,1): warning : '__stdcall' calling convention is not supported for this target [-Wignored-attributes]
C:\MSFS SDK\\SimConnect SDK\include\SimConnect.h(699,44): message : expanded from macro 'SIMCONNECTAPI'
C:\MSFS SDK\\SimConnect SDK\include\SimConnect.h(707,1): warning : '__stdcall' calling convention is not supported for this target [-Wignored-attributes]
C:\MSFS SDK\\SimConnect SDK\include\SimConnect.h(699,44): message : expanded from macro 'SIMCONNECTAPI'
C:\MSFS SDK\\SimConnect SDK\include\SimConnect.h(708,1): warning : '__stdcall' calling convention is not supported for this target [-Wignored-attributes]
C:\MSFS SDK\\SimConnect SDK\include\SimConnect.h(699,44): message : expanded from macro 'SIMCONNECTAPI'
C:\MSFS SDK\\SimConnect SDK\include\SimConnect.h(709,1): warning : '__stdcall' calling convention is not supported for this target [-Wignored-attributes]
C:\MSFS SDK\\SimConnect SDK\include\SimConnect.h(699,44): message : expanded from macro 'SIMCONNECTAPI'
C:\MSFS SDK\\SimConnect SDK\include\SimConnect.h(710,1): warning : '__stdcall' calling convention is not supported for this target [-Wignored-attributes]
C:\MSFS SDK\\SimConnect SDK\include\SimConnect.h(699,44): message : expanded from macro 'SIMCONNECTAPI'
C:\MSFS SDK\\SimConnect SDK\include\SimConnect.h(711,1): warning : '__stdcall' calling convention is not supported for this target [-Wignored-attributes]
C:\MSFS SDK\\SimConnect SDK\include\SimConnect.h(699,44): message : expanded from macro 'SIMCONNECTAPI'
C:\MSFS SDK\\SimConnect SDK\include\SimConnect.h(712,1): warning : '__stdcall' calling convention is not supported for this target [-Wignored-attributes]
C:\MSFS SDK\\SimConnect SDK\include\SimConnect.h(699,44): message : expanded from macro 'SIMCONNECTAPI'
C:\MSFS SDK\\SimConnect SDK\include\SimConnect.h(713,1): warning : '__stdcall' calling convention is not supported for this target [-Wignored-attributes]
C:\MSFS SDK\\SimConnect SDK\include\SimConnect.h(699,44): message : expanded from macro 'SIMCONNECTAPI'
C:\MSFS SDK\\SimConnect SDK\include\SimConnect.h(714,1): warning : '__stdcall' calling convention is not supported for this target [-Wignored-attributes]
C:\MSFS SDK\\SimConnect SDK\include\SimConnect.h(699,44): message : expanded from macro 'SIMCONNECTAPI'
C:\MSFS SDK\\SimConnect SDK\include\SimConnect.h(715,1): warning : '__stdcall' calling convention is not supported for this target [-Wignored-attributes]
C:\MSFS SDK\\SimConnect SDK\include\SimConnect.h(699,44): message : expanded from macro 'SIMCONNECTAPI'
C:\MSFS SDK\\SimConnect SDK\include\SimConnect.h(716,1): warning : '__stdcall' calling convention is not supported for this target [-Wignored-attributes]
C:\MSFS SDK\\SimConnect SDK\include\SimConnect.h(699,44): message : expanded from macro 'SIMCONNECTAPI'
C:\MSFS SDK\\SimConnect SDK\include\SimConnect.h(717,1): warning : '__stdcall' calling convention is not supported for this target [-Wignored-attributes]
C:\MSFS SDK\\SimConnect SDK\include\SimConnect.h(699,44): message : expanded from macro 'SIMCONNECTAPI'
C:\MSFS SDK\\SimConnect SDK\include\SimConnect.h(718,1): warning : '__stdcall' calling convention is not supported for this target [-Wignored-attributes]
C:\MSFS SDK\\SimConnect SDK\include\SimConnect.h(699,44): message : expanded from macro 'SIMCONNECTAPI'
C:\MSFS SDK\\SimConnect SDK\include\SimConnect.h(719,1): warning : '__stdcall' calling convention is not supported for this target [-Wignored-attributes]
C:\MSFS SDK\\SimConnect SDK\include\SimConnect.h(699,44): message : expanded from macro 'SIMCONNECTAPI'
C:\MSFS SDK\\SimConnect SDK\include\SimConnect.h(720,1): warning : '__stdcall' calling convention is not supported for this target [-Wignored-attributes]
C:\MSFS SDK\\SimConnect SDK\include\SimConnect.h(699,44): message : expanded from macro 'SIMCONNECTAPI'
C:\MSFS SDK\\SimConnect SDK\include\SimConnect.h(721,1): warning : '__stdcall' calling convention is not supported for this target [-Wignored-attributes]
C:\MSFS SDK\\SimConnect SDK\include\SimConnect.h(699,44): message : expanded from macro 'SIMCONNECTAPI'
C:\MSFS SDK\\SimConnect SDK\include\SimConnect.h(722,1): warning : '__stdcall' calling convention is not supported for this target [-Wignored-attributes]
C:\MSFS SDK\\SimConnect SDK\include\SimConnect.h(699,44): message : expanded from macro 'SIMCONNECTAPI'
C:\MSFS SDK\\SimConnect SDK\include\SimConnect.h(723,1): warning : '__stdcall' calling convention is not supported for this target [-Wignored-attributes]
C:\MSFS SDK\\SimConnect SDK\include\SimConnect.h(699,44): message : expanded from macro 'SIMCONNECTAPI'
C:\MSFS SDK\\SimConnect SDK\include\SimConnect.h(724,1): warning : '__stdcall' calling convention is not supported for this target [-Wignored-attributes]
C:\MSFS SDK\\SimConnect SDK\include\SimConnect.h(699,44): message : expanded from macro 'SIMCONNECTAPI'
C:\MSFS SDK\\SimConnect SDK\include\SimConnect.h(725,1): warning : '__stdcall' calling convention is not supported for this target [-Wignored-attributes]
C:\MSFS SDK\\SimConnect SDK\include\SimConnect.h(699,44): message : expanded from macro 'SIMCONNECTAPI'
C:\MSFS SDK\\SimConnect SDK\include\SimConnect.h(726,1): warning : '__stdcall' calling convention is not supported for this target [-Wignored-attributes]
C:\MSFS SDK\\SimConnect SDK\include\SimConnect.h(699,44): message : expanded from macro 'SIMCONNECTAPI'
C:\MSFS SDK\\SimConnect SDK\include\SimConnect.h(727,1): warning : '__stdcall' calling convention is not supported for this target [-Wignored-attributes]
C:\MSFS SDK\\SimConnect SDK\include\SimConnect.h(699,44): message : expanded from macro 'SIMCONNECTAPI'
C:\MSFS SDK\\SimConnect SDK\include\SimConnect.h(728,1): warning : '__stdcall' calling convention is not supported for this target [-Wignored-attributes]
C:\MSFS SDK\\SimConnect SDK\include\SimConnect.h(699,44): message : expanded from macro 'SIMCONNECTAPI'
C:\MSFS SDK\\SimConnect SDK\include\SimConnect.h(729,1): warning : '__stdcall' calling convention is not supported for this target [-Wignored-attributes]
C:\MSFS SDK\\SimConnect SDK\include\SimConnect.h(699,44): message : expanded from macro 'SIMCONNECTAPI'
C:\MSFS SDK\\SimConnect SDK\include\SimConnect.h(730,1): warning : '__stdcall' calling convention is not supported for this target [-Wignored-attributes]
C:\MSFS SDK\\SimConnect SDK\include\SimConnect.h(699,44): message : expanded from macro 'SIMCONNECTAPI'
C:\MSFS SDK\\SimConnect SDK\include\SimConnect.h(731,1): warning : '__stdcall' calling convention is not supported for this target [-Wignored-attributes]
C:\MSFS SDK\\SimConnect SDK\include\SimConnect.h(699,44): message : expanded from macro 'SIMCONNECTAPI'
C:\MSFS SDK\\SimConnect SDK\include\SimConnect.h(732,1): warning : '__stdcall' calling convention is not supported for this target [-Wignored-attributes]
C:\MSFS SDK\\SimConnect SDK\include\SimConnect.h(699,44): message : expanded from macro 'SIMCONNECTAPI'
C:\MSFS SDK\\SimConnect SDK\include\SimConnect.h(733,1): warning : '__stdcall' calling convention is not supported for this target [-Wignored-attributes]
C:\MSFS SDK\\SimConnect SDK\include\SimConnect.h(699,44): message : expanded from macro 'SIMCONNECTAPI'
C:\MSFS SDK\\SimConnect SDK\include\SimConnect.h(734,1): warning : '__stdcall' calling convention is not supported for this target [-Wignored-attributes]
C:\MSFS SDK\\SimConnect SDK\include\SimConnect.h(699,44): message : expanded from macro 'SIMCONNECTAPI'
C:\MSFS SDK\\SimConnect SDK\include\SimConnect.h(735,1): warning : '__stdcall' calling convention is not supported for this target [-Wignored-attributes]
C:\MSFS SDK\\SimConnect SDK\include\SimConnect.h(699,44): message : expanded from macro 'SIMCONNECTAPI'
C:\MSFS SDK\\SimConnect SDK\include\SimConnect.h(736,1): warning : '__stdcall' calling convention is not supported for this target [-Wignored-attributes]
C:\MSFS SDK\\SimConnect SDK\include\SimConnect.h(699,44): message : expanded from macro 'SIMCONNECTAPI'
C:\MSFS SDK\\SimConnect SDK\include\SimConnect.h(737,1): warning : '__stdcall' calling convention is not supported for this target [-Wignored-attributes]
C:\MSFS SDK\\SimConnect SDK\include\SimConnect.h(699,44): message : expanded from macro 'SIMCONNECTAPI'
C:\MSFS SDK\\SimConnect SDK\include\SimConnect.h(738,1): warning : '__stdcall' calling convention is not supported for this target [-Wignored-attributes]
C:\MSFS SDK\\SimConnect SDK\include\SimConnect.h(699,44): message : expanded from macro 'SIMCONNECTAPI'
C:\MSFS SDK\\SimConnect SDK\include\SimConnect.h(739,1): warning : '__stdcall' calling convention is not supported for this target [-Wignored-attributes]
C:\MSFS SDK\\SimConnect SDK\include\SimConnect.h(699,44): message : expanded from macro 'SIMCONNECTAPI'
C:\MSFS SDK\\SimConnect SDK\include\SimConnect.h(740,1): warning : '__stdcall' calling convention is not supported for this target [-Wignored-attributes]
C:\MSFS SDK\\SimConnect SDK\include\SimConnect.h(699,44): message : expanded from macro 'SIMCONNECTAPI'
C:\MSFS SDK\\SimConnect SDK\include\SimConnect.h(741,1): warning : '__stdcall' calling convention is not supported for this target [-Wignored-attributes]
C:\MSFS SDK\\SimConnect SDK\include\SimConnect.h(699,44): message : expanded from macro 'SIMCONNECTAPI'
C:\MSFS SDK\\SimConnect SDK\include\SimConnect.h(742,1): warning : '__stdcall' calling convention is not supported for this target [-Wignored-attributes]
C:\MSFS SDK\\SimConnect SDK\include\SimConnect.h(699,44): message : expanded from macro 'SIMCONNECTAPI'
C:\MSFS SDK\\SimConnect SDK\include\SimConnect.h(743,1): warning : '__stdcall' calling convention is not supported for this target [-Wignored-attributes]
C:\MSFS SDK\\SimConnect SDK\include\SimConnect.h(699,44): message : expanded from macro 'SIMCONNECTAPI'
C:\MSFS SDK\\SimConnect SDK\include\SimConnect.h(744,1): warning : '__stdcall' calling convention is not supported for this target [-Wignored-attributes]
C:\MSFS SDK\\SimConnect SDK\include\SimConnect.h(699,44): message : expanded from macro 'SIMCONNECTAPI'
C:\MSFS SDK\\SimConnect SDK\include\SimConnect.h(745,1): warning : '__stdcall' calling convention is not supported for this target [-Wignored-attributes]
C:\MSFS SDK\\SimConnect SDK\include\SimConnect.h(699,44): message : expanded from macro 'SIMCONNECTAPI'
C:\MSFS SDK\\SimConnect SDK\include\SimConnect.h(746,1): warning : '__stdcall' calling convention is not supported for this target [-Wignored-attributes]
C:\MSFS SDK\\SimConnect SDK\include\SimConnect.h(699,44): message : expanded from macro 'SIMCONNECTAPI'
C:\MSFS SDK\\SimConnect SDK\include\SimConnect.h(747,1): warning : '__stdcall' calling convention is not supported for this target [-Wignored-attributes]
C:\MSFS SDK\\SimConnect SDK\include\SimConnect.h(699,44): message : expanded from macro 'SIMCONNECTAPI'
C:\MSFS SDK\\SimConnect SDK\include\SimConnect.h(748,1): warning : '__stdcall' calling convention is not supported for this target [-Wignored-attributes]
C:\MSFS SDK\\SimConnect SDK\include\SimConnect.h(699,44): message : expanded from macro 'SIMCONNECTAPI'
C:\MSFS SDK\\SimConnect SDK\include\SimConnect.h(749,1): warning : '__stdcall' calling convention is not supported for this target [-Wignored-attributes]
C:\MSFS SDK\\SimConnect SDK\include\SimConnect.h(699,44): message : expanded from macro 'SIMCONNECTAPI'
C:\MSFS SDK\\SimConnect SDK\include\SimConnect.h(750,1): warning : '__stdcall' calling convention is not supported for this target [-Wignored-attributes]
C:\MSFS SDK\\SimConnect SDK\include\SimConnect.h(699,44): message : expanded from macro 'SIMCONNECTAPI'
C:\MSFS SDK\\SimConnect SDK\include\SimConnect.h(751,1): warning : '__stdcall' calling convention is not supported for this target [-Wignored-attributes]
C:\MSFS SDK\\SimConnect SDK\include\SimConnect.h(699,44): message : expanded from macro 'SIMCONNECTAPI'
C:\MSFS SDK\\SimConnect SDK\include\SimConnect.h(752,1): warning : '__stdcall' calling convention is not supported for this target [-Wignored-attributes]
C:\MSFS SDK\\SimConnect SDK\include\SimConnect.h(699,44): message : expanded from macro 'SIMCONNECTAPI'
C:\MSFS SDK\\SimConnect SDK\include\SimConnect.h(753,1): warning : '__stdcall' calling convention is not supported for this target [-Wignored-attributes]
C:\MSFS SDK\\SimConnect SDK\include\SimConnect.h(699,44): message : expanded from macro 'SIMCONNECTAPI'
C:\MSFS SDK\\SimConnect SDK\include\SimConnect.h(754,1): warning : '__stdcall' calling convention is not supported for this target [-Wignored-attributes]
C:\MSFS SDK\\SimConnect SDK\include\SimConnect.h(699,44): message : expanded from macro 'SIMCONNECTAPI'
C:\MSFS SDK\\SimConnect SDK\include\SimConnect.h(755,1): warning : '__stdcall' calling convention is not supported for this target [-Wignored-attributes]
C:\MSFS SDK\\SimConnect SDK\include\SimConnect.h(699,44): message : expanded from macro 'SIMCONNECTAPI'
C:\MSFS SDK\\SimConnect SDK\include\SimConnect.h(756,1): warning : '__stdcall' calling convention is not supported for this target [-Wignored-attributes]
C:\MSFS SDK\\SimConnect SDK\include\SimConnect.h(699,44): message : expanded from macro 'SIMCONNECTAPI'
C:\MSFS SDK\\SimConnect SDK\include\SimConnect.h(757,1): warning : '__stdcall' calling convention is not supported for this target [-Wignored-attributes]
C:\MSFS SDK\\SimConnect SDK\include\SimConnect.h(699,44): message : expanded from macro 'SIMCONNECTAPI'
C:\MSFS SDK\\SimConnect SDK\include\SimConnect.h(758,1): warning : '__stdcall' calling convention is not supported for this target [-Wignored-attributes]
C:\MSFS SDK\\SimConnect SDK\include\SimConnect.h(699,44): message : expanded from macro 'SIMCONNECTAPI'
C:\MSFS SDK\\SimConnect SDK\include\SimConnect.h(759,1): warning : '__stdcall' calling convention is not supported for this target [-Wignored-attributes]
C:\MSFS SDK\\SimConnect SDK\include\SimConnect.h(699,44): message : expanded from macro 'SIMCONNECTAPI'
C:\MSFS SDK\\SimConnect SDK\include\SimConnect.h(760,1): warning : '__stdcall' calling convention is not supported for this target [-Wignored-attributes]
C:\MSFS SDK\\SimConnect SDK\include\SimConnect.h(699,44): message : expanded from macro 'SIMCONNECTAPI'
C:\MSFS SDK\\SimConnect SDK\include\SimConnect.h(761,1): warning : '__stdcall' calling convention is not supported for this target [-Wignored-attributes]
C:\MSFS SDK\\SimConnect SDK\include\SimConnect.h(699,44): message : expanded from macro 'SIMCONNECTAPI'
C:\MSFS SDK\\SimConnect SDK\include\SimConnect.h(762,1): warning : '__stdcall' calling convention is not supported for this target [-Wignored-attributes]
C:\MSFS SDK\\SimConnect SDK\include\SimConnect.h(699,44): message : expanded from macro 'SIMCONNECTAPI'
C:\MSFS SDK\\SimConnect SDK\include\SimConnect.h(763,1): warning : '__stdcall' calling convention is not supported for this target [-Wignored-attributes]
C:\MSFS SDK\\SimConnect SDK\include\SimConnect.h(699,44): message : expanded from macro 'SIMCONNECTAPI'
C:\MSFS SDK\\SimConnect SDK\include\SimConnect.h(764,1): warning : '__stdcall' calling convention is not supported for this target [-Wignored-attributes]
C:\MSFS SDK\\SimConnect SDK\include\SimConnect.h(699,44): message : expanded from macro 'SIMCONNECTAPI'
C:\MSFS SDK\\SimConnect SDK\include\SimConnect.h(765,1): warning : '__stdcall' calling convention is not supported for this target [-Wignored-attributes]
C:\MSFS SDK\\SimConnect SDK\include\SimConnect.h(699,44): message : expanded from macro 'SIMCONNECTAPI'
C:\MSFS SDK\\SimConnect SDK\include\SimConnect.h(766,1): warning : '__stdcall' calling convention is not supported for this target [-Wignored-attributes]
C:\MSFS SDK\\SimConnect SDK\include\SimConnect.h(699,44): message : expanded from macro 'SIMCONNECTAPI'
C:\MSFS SDK\\SimConnect SDK\include\SimConnect.h(767,1): warning : '__stdcall' calling convention is not supported for this target [-Wignored-attributes]
C:\MSFS SDK\\SimConnect SDK\include\SimConnect.h(699,44): message : expanded from macro 'SIMCONNECTAPI'
C:\MSFS SDK\\SimConnect SDK\include\SimConnect.h(768,1): warning : '__stdcall' calling convention is not supported for this target [-Wignored-attributes]
C:\MSFS SDK\\SimConnect SDK\include\SimConnect.h(699,44): message : expanded from macro 'SIMCONNECTAPI'
C:\MSFS SDK\\SimConnect SDK\include\SimConnect.h(769,1): warning : '__stdcall' calling convention is not supported for this target [-Wignored-attributes]
C:\MSFS SDK\\SimConnect SDK\include\SimConnect.h(699,44): message : expanded from macro 'SIMCONNECTAPI'
C:\MSFS SDK\\SimConnect SDK\include\SimConnect.h(770,1): warning : '__stdcall' calling convention is not supported for this target [-Wignored-attributes]
C:\MSFS SDK\\SimConnect SDK\include\SimConnect.h(699,44): message : expanded from macro 'SIMCONNECTAPI'
C:\MSFS SDK\\SimConnect SDK\include\SimConnect.h(771,1): warning : '__stdcall' calling convention is not supported for this target [-Wignored-attributes]
C:\MSFS SDK\\SimConnect SDK\include\SimConnect.h(699,44): message : expanded from macro 'SIMCONNECTAPI'
C:\MSFS SDK\\SimConnect SDK\include\SimConnect.h(772,1): warning : '__stdcall' calling convention is not supported for this target [-Wignored-attributes]
C:\MSFS SDK\\SimConnect SDK\include\SimConnect.h(699,44): message : expanded from macro 'SIMCONNECTAPI'
C:\MSFS SDK\\SimConnect SDK\include\SimConnect.h(773,1): warning : '__stdcall' calling convention is not supported for this target [-Wignored-attributes]
C:\MSFS SDK\\SimConnect SDK\include\SimConnect.h(699,44): message : expanded from macro 'SIMCONNECTAPI'
C:\MSFS SDK\\SimConnect SDK\include\SimConnect.h(774,1): warning : '__stdcall' calling convention is not supported for this target [-Wignored-attributes]
C:\MSFS SDK\\SimConnect SDK\include\SimConnect.h(699,44): message : expanded from macro 'SIMCONNECTAPI'
WASM_Panels.cpp(30,1): warning : 'static' is not permitted on a declaration of a type [-Wmissing-declarations]
WASM_Panels.cpp(35,1): warning : 'static' is not permitted on a declaration of a type [-Wmissing-declarations]
WASM_Panels.cpp(40,1): warning : 'static' is not permitted on a declaration of a type [-Wmissing-declarations]
WASM_Panels.cpp(45,1): warning : 'static' is not permitted on a declaration of a type [-Wmissing-declarations]
WASM_Panels.cpp(213,13): warning : '__stdcall' calling convention is not supported for this target [-Wignored-attributes]
C:\MSFS SDK\WASM\include\MSFS/Legacy/gauges.h(40,17): message : expanded from macro 'FSAPI'
WASM_Panels.cpp(294,6): warning : '__stdcall' calling convention is not supported for this target [-Wignored-attributes]
C:\MSFS SDK\WASM\include\MSFS/Legacy/..\MSFS_WindowsTypes.h(123,21): message : expanded from macro 'CALLBACK'
  WASM_Panels.vcxproj -> C:\Users\jwali\Documents\Visual Studio 2019\Projekty\WASM_Panels\MSFS\Debug\WASM_Panels.wasm
